2025-12-31 18:23:07 [main] INFO  com.grade.StudentGradeApplication - Starting StudentGradeApplication using Java 21.0.8 on Carlotta with PID 5800 (G:\AAA_document\document\java_class\project_4\student-grade-backend\target\classes started by zhang in G:\AAA_document\document\java_class\project_4\student-grade-backend)
2025-12-31 18:23:07 [main] DEBUG com.grade.StudentGradeApplication - Running with Spring Boot v2.7.18, Spring v5.3.31
2025-12-31 18:23:07 [main] INFO  com.grade.StudentGradeApplication - No active profile set, falling back to 1 default profile: "default"
2025-12-31 18:23:10 [main] INFO  o.s.d.r.config.RepositoryConfigurationDelegate - Multiple Spring Data modules found, entering strict repository configuration mode
2025-12-31 18:23:10 [main] INFO  o.s.d.r.config.RepositoryConfigurationDelegate - Bootstrapping Spring Data Redis repositories in DEFAULT mode.
2025-12-31 18:23:10 [main] INFO  o.s.d.r.config.RepositoryConfigurationDelegate - Finished Spring Data repository scanning in 10 ms. Found 0 Redis repository interfaces.
2025-12-31 18:23:11 [main] INFO  o.s.boot.web.embedded.tomcat.TomcatWebServer - Tomcat initialized with port(s): 8080 (http)
2025-12-31 18:23:11 [main] INFO  org.apache.catalina.core.StandardService - Starting service [Tomcat]
2025-12-31 18:23:11 [main] INFO  org.apache.catalina.core.StandardEngine - Starting Servlet engine: [Apache Tomcat/9.0.83]
2025-12-31 18:23:11 [main] INFO  o.a.c.c.ContainerBase.[Tomcat].[localhost].[/api] - Initializing Spring embedded WebApplicationContext
2025-12-31 18:23:11 [main] INFO  o.s.b.w.s.c.ServletWebServerApplicationContext - Root WebApplicationContext: initialization completed in 3226 ms
2025-12-31 18:23:11 [main] INFO  c.a.d.s.b.a.DruidDataSourceAutoConfigure - Init DruidDataSource
2025-12-31 18:23:12 [main] INFO  com.alibaba.druid.pool.DruidDataSource - {dataSource-1} inited
2025-12-31 18:23:12 [main] WARN  o.s.b.a.s.s.UserDetailsServiceAutoConfiguration - 

Using generated security password: d58ca6fb-09f3-4eee-ae2c-f3ce75df20bd

This generated password is for development use only. Your security configuration must be updated before running your application in production.

2025-12-31 18:23:12 [main] INFO  o.s.security.web.DefaultSecurityFilterChain - Will secure any request with [org.springframework.security.web.session.DisableEncodeUrlFilter@a03529c, org.springframework.security.web.context.request.async.WebAsyncManagerIntegrationFilter@1760e594, org.springframework.security.web.context.SecurityContextPersistenceFilter@5341e71a, org.springframework.security.web.header.HeaderWriterFilter@59d5c537, org.springframework.security.web.authentication.logout.LogoutFilter@6233c6c2, org.springframework.security.web.savedrequest.RequestCacheAwareFilter@ac4e690, org.springframework.security.web.servletapi.SecurityContextHolderAwareRequestFilter@6afeaf2d, org.springframework.security.web.authentication.AnonymousAuthenticationFilter@4af70b83, org.springframework.security.web.session.SessionManagementFilter@4a4b288a, org.springframework.security.web.access.ExceptionTranslationFilter@5ba184fc, org.springframework.security.web.access.intercept.FilterSecurityInterceptor@5a466dd]
2025-12-31 18:23:16 [main] INFO  o.s.boot.web.embedded.tomcat.TomcatWebServer - Tomcat started on port(s): 8080 (http) with context path '/api'
2025-12-31 18:23:16 [main] INFO  com.grade.StudentGradeApplication - Started StudentGradeApplication in 9.111 seconds (JVM running for 11.38)
2025-12-31 18:23:58 [http-nio-8080-exec-1] INFO  o.a.c.c.ContainerBase.[Tomcat].[localhost].[/api] - Initializing Spring DispatcherServlet 'dispatcherServlet'
2025-12-31 18:23:58 [http-nio-8080-exec-1] INFO  org.springframework.web.servlet.DispatcherServlet - Initializing Servlet 'dispatcherServlet'
2025-12-31 18:23:58 [http-nio-8080-exec-1] INFO  org.springframework.web.servlet.DispatcherServlet - Completed initialization in 2 ms
2025-12-31 18:30:41 [main] INFO  com.grade.StudentGradeApplication - Starting StudentGradeApplication using Java 21.0.8 on Carlotta with PID 22208 (G:\AAA_document\document\java_class\project_4\student-grade-backend\target\classes started by zhang in G:\AAA_document\document\java_class\project_4\student-grade-backend)
2025-12-31 18:30:41 [main] DEBUG com.grade.StudentGradeApplication - Running with Spring Boot v2.7.18, Spring v5.3.31
2025-12-31 18:30:41 [main] INFO  com.grade.StudentGradeApplication - No active profile set, falling back to 1 default profile: "default"
2025-12-31 18:30:42 [main] INFO  o.s.d.r.config.RepositoryConfigurationDelegate - Multiple Spring Data modules found, entering strict repository configuration mode
2025-12-31 18:30:42 [main] INFO  o.s.d.r.config.RepositoryConfigurationDelegate - Bootstrapping Spring Data Redis repositories in DEFAULT mode.
2025-12-31 18:30:42 [main] INFO  o.s.d.r.config.RepositoryConfigurationDelegate - Finished Spring Data repository scanning in 7 ms. Found 0 Redis repository interfaces.
2025-12-31 18:30:43 [main] INFO  o.s.boot.web.embedded.tomcat.TomcatWebServer - Tomcat initialized with port(s): 8080 (http)
2025-12-31 18:30:43 [main] INFO  org.apache.catalina.core.StandardService - Starting service [Tomcat]
2025-12-31 18:30:43 [main] INFO  org.apache.catalina.core.StandardEngine - Starting Servlet engine: [Apache Tomcat/9.0.83]
2025-12-31 18:30:43 [main] INFO  o.a.c.c.ContainerBase.[Tomcat].[localhost].[/api] - Initializing Spring embedded WebApplicationContext
2025-12-31 18:30:43 [main] INFO  o.s.b.w.s.c.ServletWebServerApplicationContext - Root WebApplicationContext: initialization completed in 2028 ms
2025-12-31 18:30:43 [main] INFO  c.a.d.s.b.a.DruidDataSourceAutoConfigure - Init DruidDataSource
2025-12-31 18:30:43 [main] INFO  com.alibaba.druid.pool.DruidDataSource - {dataSource-1} inited
2025-12-31 18:30:44 [main] WARN  o.s.b.a.s.s.UserDetailsServiceAutoConfiguration - 

Using generated security password: 45a18938-4c7c-4007-860d-d3552d0c98e8

This generated password is for development use only. Your security configuration must be updated before running your application in production.

2025-12-31 18:30:44 [main] INFO  o.s.security.web.DefaultSecurityFilterChain - Will secure any request with [org.springframework.security.web.session.DisableEncodeUrlFilter@3e98b933, org.springframework.security.web.context.request.async.WebAsyncManagerIntegrationFilter@222d9d4f, org.springframework.security.web.context.SecurityContextPersistenceFilter@6df2af02, org.springframework.security.web.header.HeaderWriterFilter@b70fa38, org.springframework.security.web.authentication.logout.LogoutFilter@2bc0b8c8, org.springframework.security.web.savedrequest.RequestCacheAwareFilter@1f7336b2, org.springframework.security.web.servletapi.SecurityContextHolderAwareRequestFilter@4c030fe1, org.springframework.security.web.authentication.AnonymousAuthenticationFilter@4269aad7, org.springframework.security.web.session.SessionManagementFilter@69fe7090, org.springframework.security.web.access.ExceptionTranslationFilter@6a4a2090, org.springframework.security.web.access.intercept.FilterSecurityInterceptor@553ce348]
2025-12-31 18:30:45 [main] INFO  o.s.boot.web.embedded.tomcat.TomcatWebServer - Tomcat started on port(s): 8080 (http) with context path '/api'
2025-12-31 18:30:45 [main] INFO  com.grade.StudentGradeApplication - Started StudentGradeApplication in 4.652 seconds (JVM running for 6.043)
2025-12-31 18:31:52 [http-nio-8080-exec-1] INFO  o.a.c.c.ContainerBase.[Tomcat].[localhost].[/api] - Initializing Spring DispatcherServlet 'dispatcherServlet'
2025-12-31 18:31:52 [http-nio-8080-exec-1] INFO  org.springframework.web.servlet.DispatcherServlet - Initializing Servlet 'dispatcherServlet'
2025-12-31 18:31:52 [http-nio-8080-exec-1] INFO  org.springframework.web.servlet.DispatcherServlet - Completed initialization in 4 ms
2025-12-31 18:31:54 [http-nio-8080-exec-9] INFO  org.springdoc.api.AbstractOpenApiResource - Init duration for springdoc-openapi is: 646 ms
2025-12-31 18:38:47 [http-nio-8080-exec-10] ERROR com.grade.common.GlobalExceptionHandler - 业务异常: /api/auth/login - 密码错误
2025-12-31 18:42:56 [http-nio-8080-exec-9] ERROR com.grade.common.GlobalExceptionHandler - 业务异常: /api/auth/login - 密码错误
2025-12-31 18:49:49 [http-nio-8080-exec-7] ERROR com.grade.common.GlobalExceptionHandler - 业务异常: /api/auth/login - 密码错误
2025-12-31 18:50:01 [http-nio-8080-exec-6] ERROR com.grade.common.GlobalExceptionHandler - 业务异常: /api/auth/login - 密码错误
2025-12-31 18:50:15 [http-nio-8080-exec-4] ERROR com.grade.common.GlobalExceptionHandler - 业务异常: /api/auth/login - 密码错误
2025-12-31 18:50:38 [http-nio-8080-exec-2] ERROR com.grade.common.GlobalExceptionHandler - 业务异常: /api/auth/login - 密码错误
2025-12-31 18:50:53 [http-nio-8080-exec-1] ERROR com.grade.common.GlobalExceptionHandler - 业务异常: /api/auth/login - 密码错误
2025-12-31 18:55:10 [SpringApplicationShutdownHook] INFO  com.alibaba.druid.pool.DruidDataSource - {dataSource-1} closing ...
2025-12-31 18:55:10 [SpringApplicationShutdownHook] INFO  com.alibaba.druid.pool.DruidDataSource - {dataSource-1} closed
2025-12-31 18:58:48 [main] INFO  com.grade.StudentGradeApplication - Starting StudentGradeApplication using Java 21.0.8 on Carlotta with PID 22556 (G:\AAA_document\document\java_class\project_4\student-grade-backend\target\classes started by zhang in G:\AAA_document\document\java_class\project_4\student-grade-backend)
2025-12-31 18:58:48 [main] DEBUG com.grade.StudentGradeApplication - Running with Spring Boot v2.7.18, Spring v5.3.31
2025-12-31 18:58:49 [main] INFO  com.grade.StudentGradeApplication - No active profile set, falling back to 1 default profile: "default"
2025-12-31 18:58:50 [main] INFO  o.s.d.r.config.RepositoryConfigurationDelegate - Multiple Spring Data modules found, entering strict repository configuration mode
2025-12-31 18:58:50 [main] INFO  o.s.d.r.config.RepositoryConfigurationDelegate - Bootstrapping Spring Data Redis repositories in DEFAULT mode.
2025-12-31 18:58:50 [main] INFO  o.s.d.r.config.RepositoryConfigurationDelegate - Finished Spring Data repository scanning in 7 ms. Found 0 Redis repository interfaces.
2025-12-31 18:58:51 [main] INFO  o.s.boot.web.embedded.tomcat.TomcatWebServer - Tomcat initialized with port(s): 8080 (http)
2025-12-31 18:58:51 [main] INFO  org.apache.catalina.core.StandardService - Starting service [Tomcat]
2025-12-31 18:58:51 [main] INFO  org.apache.catalina.core.StandardEngine - Starting Servlet engine: [Apache Tomcat/9.0.83]
2025-12-31 18:58:51 [main] INFO  o.a.c.c.ContainerBase.[Tomcat].[localhost].[/api] - Initializing Spring embedded WebApplicationContext
2025-12-31 18:58:51 [main] INFO  o.s.b.w.s.c.ServletWebServerApplicationContext - Root WebApplicationContext: initialization completed in 2337 ms
2025-12-31 18:58:51 [main] INFO  c.a.d.s.b.a.DruidDataSourceAutoConfigure - Init DruidDataSource
2025-12-31 18:58:52 [main] INFO  com.alibaba.druid.pool.DruidDataSource - {dataSource-1} inited
2025-12-31 18:58:52 [main] WARN  o.s.b.a.s.s.UserDetailsServiceAutoConfiguration - 

Using generated security password: e2a0273d-29de-4942-8092-a4cd0a5ef684

This generated password is for development use only. Your security configuration must be updated before running your application in production.

2025-12-31 18:58:52 [main] INFO  o.s.security.web.DefaultSecurityFilterChain - Will secure any request with [org.springframework.security.web.session.DisableEncodeUrlFilter@56f9de3b, org.springframework.security.web.context.request.async.WebAsyncManagerIntegrationFilter@6728370a, org.springframework.security.web.context.SecurityContextPersistenceFilter@5a6195b8, org.springframework.security.web.header.HeaderWriterFilter@779228dc, org.springframework.security.web.authentication.logout.LogoutFilter@2830315f, org.springframework.security.web.savedrequest.RequestCacheAwareFilter@70d5d96b, org.springframework.security.web.servletapi.SecurityContextHolderAwareRequestFilter@23469199, org.springframework.security.web.authentication.AnonymousAuthenticationFilter@2b5f8e61, org.springframework.security.web.session.SessionManagementFilter@3e2d8623, org.springframework.security.web.access.ExceptionTranslationFilter@66ab924, org.springframework.security.web.access.intercept.FilterSecurityInterceptor@528e5e38]
2025-12-31 18:58:53 [main] INFO  o.s.boot.web.embedded.tomcat.TomcatWebServer - Tomcat started on port(s): 8080 (http) with context path '/api'
2025-12-31 18:58:53 [main] INFO  com.grade.StudentGradeApplication - Started StudentGradeApplication in 5.131 seconds (JVM running for 6.965)
2025-12-31 18:58:56 [http-nio-8080-exec-1] INFO  o.a.c.c.ContainerBase.[Tomcat].[localhost].[/api] - Initializing Spring DispatcherServlet 'dispatcherServlet'
2025-12-31 18:58:56 [http-nio-8080-exec-1] INFO  org.springframework.web.servlet.DispatcherServlet - Initializing Servlet 'dispatcherServlet'
2025-12-31 18:58:56 [http-nio-8080-exec-1] INFO  org.springframework.web.servlet.DispatcherServlet - Completed initialization in 2 ms
2025-12-31 18:58:57 [http-nio-8080-exec-7] INFO  org.springdoc.api.AbstractOpenApiResource - Init duration for springdoc-openapi is: 639 ms
2025-12-31 18:59:45 [http-nio-8080-exec-2] INFO  com.grade.service.AuthService - 用户登录成功: admin
2025-12-31 19:20:47 [http-nio-8080-exec-7] ERROR com.grade.common.GlobalExceptionHandler - 空指针异常: /api/auth/info - Cannot invoke "java.security.Principal.getName()" because "principal" is null
java.lang.NullPointerException: Cannot invoke "java.security.Principal.getName()" because "principal" is null
	at com.grade.controller.AuthController.getUserInfo(AuthController.java:39)
	at java.base/jdk.internal.reflect.DirectMethodHandleAccessor.invoke(DirectMethodHandleAccessor.java:103)
	at java.base/java.lang.reflect.Method.invoke(Method.java:580)
	at org.springframework.web.method.support.InvocableHandlerMethod.doInvoke(InvocableHandlerMethod.java:205)
	at org.springframework.web.method.support.InvocableHandlerMethod.invokeForRequest(InvocableHandlerMethod.java:150)
	at org.springframework.web.servlet.mvc.method.annotation.ServletInvocableHandlerMethod.invokeAndHandle(ServletInvocableHandlerMethod.java:117)
	at org.springframework.web.servlet.mvc.method.annotation.RequestMappingHandlerAdapter.invokeHandlerMethod(RequestMappingHandlerAdapter.java:895)
	at org.springframework.web.servlet.mvc.method.annotation.RequestMappingHandlerAdapter.handleInternal(RequestMappingHandlerAdapter.java:808)
	at org.springframework.web.servlet.mvc.method.AbstractHandlerMethodAdapter.handle(AbstractHandlerMethodAdapter.java:87)
	at org.springframework.web.servlet.DispatcherServlet.doDispatch(DispatcherServlet.java:1072)
	at org.springframework.web.servlet.DispatcherServlet.doService(DispatcherServlet.java:965)
	at org.springframework.web.servlet.FrameworkServlet.processRequest(FrameworkServlet.java:1006)
	at org.springframework.web.servlet.FrameworkServlet.doGet(FrameworkServlet.java:898)
	at javax.servlet.http.HttpServlet.service(HttpServlet.java:529)
	at org.springframework.web.servlet.FrameworkServlet.service(FrameworkServlet.java:883)
	at javax.servlet.http.HttpServlet.service(HttpServlet.java:623)
	at org.apache.catalina.core.ApplicationFilterChain.internalDoFilter(ApplicationFilterChain.java:209)
	at org.apache.catalina.core.ApplicationFilterChain.doFilter(ApplicationFilterChain.java:153)
	at org.apache.tomcat.websocket.server.WsFilter.doFilter(WsFilter.java:51)
	at org.apache.catalina.core.ApplicationFilterChain.internalDoFilter(ApplicationFilterChain.java:178)
	at org.apache.catalina.core.ApplicationFilterChain.doFilter(ApplicationFilterChain.java:153)
	at org.springframework.web.filter.CorsFilter.doFilterInternal(CorsFilter.java:91)
	at org.springframework.web.filter.OncePerRequestFilter.doFilter(OncePerRequestFilter.java:117)
	at org.apache.catalina.core.ApplicationFilterChain.internalDoFilter(ApplicationFilterChain.java:178)
	at org.apache.catalina.core.ApplicationFilterChain.doFilter(ApplicationFilterChain.java:153)
	at com.alibaba.druid.support.http.WebStatFilter.doFilter(WebStatFilter.java:114)
	at org.apache.catalina.core.ApplicationFilterChain.internalDoFilter(ApplicationFilterChain.java:178)
	at org.apache.catalina.core.ApplicationFilterChain.doFilter(ApplicationFilterChain.java:153)
	at org.springframework.security.web.FilterChainProxy$VirtualFilterChain.doFilter(FilterChainProxy.java:337)
	at org.springframework.security.web.access.intercept.FilterSecurityInterceptor.invoke(FilterSecurityInterceptor.java:115)
	at org.springframework.security.web.access.intercept.FilterSecurityInterceptor.doFilter(FilterSecurityInterceptor.java:81)
	at org.springframework.security.web.FilterChainProxy$VirtualFilterChain.doFilter(FilterChainProxy.java:346)
	at org.springframework.security.web.access.ExceptionTranslationFilter.doFilter(ExceptionTranslationFilter.java:122)
	at org.springframework.security.web.access.ExceptionTranslationFilter.doFilter(ExceptionTranslationFilter.java:116)
	at org.springframework.security.web.FilterChainProxy$VirtualFilterChain.doFilter(FilterChainProxy.java:346)
	at org.springframework.security.web.session.SessionManagementFilter.doFilter(SessionManagementFilter.java:126)
	at org.springframework.security.web.session.SessionManagementFilter.doFilter(SessionManagementFilter.java:81)
	at org.springframework.security.web.FilterChainProxy$VirtualFilterChain.doFilter(FilterChainProxy.java:346)
	at org.springframework.security.web.authentication.AnonymousAuthenticationFilter.doFilter(AnonymousAuthenticationFilter.java:109)
	at org.springframework.security.web.FilterChainProxy$VirtualFilterChain.doFilter(FilterChainProxy.java:346)
	at org.springframework.security.web.servletapi.SecurityContextHolderAwareRequestFilter.doFilter(SecurityContextHolderAwareRequestFilter.java:149)
	at org.springframework.security.web.FilterChainProxy$VirtualFilterChain.doFilter(FilterChainProxy.java:346)
	at org.springframework.security.web.savedrequest.RequestCacheAwareFilter.doFilter(RequestCacheAwareFilter.java:63)
	at org.springframework.security.web.FilterChainProxy$VirtualFilterChain.doFilter(FilterChainProxy.java:346)
	at org.springframework.security.web.authentication.logout.LogoutFilter.doFilter(LogoutFilter.java:103)
	at org.springframework.security.web.authentication.logout.LogoutFilter.doFilter(LogoutFilter.java:89)
	at org.springframework.security.web.FilterChainProxy$VirtualFilterChain.doFilter(FilterChainProxy.java:346)
	at org.springframework.security.web.header.HeaderWriterFilter.doHeadersAfter(HeaderWriterFilter.java:90)
	at org.springframework.security.web.header.HeaderWriterFilter.doFilterInternal(HeaderWriterFilter.java:75)
	at org.springframework.web.filter.OncePerRequestFilter.doFilter(OncePerRequestFilter.java:117)
	at org.springframework.security.web.FilterChainProxy$VirtualFilterChain.doFilter(FilterChainProxy.java:346)
	at org.springframework.security.web.context.SecurityContextPersistenceFilter.doFilter(SecurityContextPersistenceFilter.java:112)
	at org.springframework.security.web.context.SecurityContextPersistenceFilter.doFilter(SecurityContextPersistenceFilter.java:82)
	at org.springframework.security.web.FilterChainProxy$VirtualFilterChain.doFilter(FilterChainProxy.java:346)
	at org.springframework.security.web.context.request.async.WebAsyncManagerIntegrationFilter.doFilterInternal(WebAsyncManagerIntegrationFilter.java:55)
	at org.springframework.web.filter.OncePerRequestFilter.doFilter(OncePerRequestFilter.java:117)
	at org.springframework.security.web.FilterChainProxy$VirtualFilterChain.doFilter(FilterChainProxy.java:346)
	at org.springframework.security.web.session.DisableEncodeUrlFilter.doFilterInternal(DisableEncodeUrlFilter.java:42)
	at org.springframework.web.filter.OncePerRequestFilter.doFilter(OncePerRequestFilter.java:117)
	at org.springframework.security.web.FilterChainProxy$VirtualFilterChain.doFilter(FilterChainProxy.java:346)
	at org.springframework.security.web.FilterChainProxy.doFilterInternal(FilterChainProxy.java:221)
	at org.springframework.security.web.FilterChainProxy.doFilter(FilterChainProxy.java:186)
	at org.springframework.web.filter.DelegatingFilterProxy.invokeDelegate(DelegatingFilterProxy.java:354)
	at org.springframework.web.filter.DelegatingFilterProxy.doFilter(DelegatingFilterProxy.java:267)
	at org.apache.catalina.core.ApplicationFilterChain.internalDoFilter(ApplicationFilterChain.java:178)
	at org.apache.catalina.core.ApplicationFilterChain.doFilter(ApplicationFilterChain.java:153)
	at org.springframework.web.filter.RequestContextFilter.doFilterInternal(RequestContextFilter.java:100)
	at org.springframework.web.filter.OncePerRequestFilter.doFilter(OncePerRequestFilter.java:117)
	at org.apache.catalina.core.ApplicationFilterChain.internalDoFilter(ApplicationFilterChain.java:178)
	at org.apache.catalina.core.ApplicationFilterChain.doFilter(ApplicationFilterChain.java:153)
	at org.springframework.web.filter.FormContentFilter.doFilterInternal(FormContentFilter.java:93)
	at org.springframework.web.filter.OncePerRequestFilter.doFilter(OncePerRequestFilter.java:117)
	at org.apache.catalina.core.ApplicationFilterChain.internalDoFilter(ApplicationFilterChain.java:178)
	at org.apache.catalina.core.ApplicationFilterChain.doFilter(ApplicationFilterChain.java:153)
	at org.springframework.web.filter.CharacterEncodingFilter.doFilterInternal(CharacterEncodingFilter.java:201)
	at org.springframework.web.filter.OncePerRequestFilter.doFilter(OncePerRequestFilter.java:117)
	at org.apache.catalina.core.ApplicationFilterChain.internalDoFilter(ApplicationFilterChain.java:178)
	at org.apache.catalina.core.ApplicationFilterChain.doFilter(ApplicationFilterChain.java:153)
	at org.apache.catalina.core.StandardWrapperValve.invoke(StandardWrapperValve.java:168)
	at org.apache.catalina.core.StandardContextValve.invoke(StandardContextValve.java:90)
	at org.apache.catalina.authenticator.AuthenticatorBase.invoke(AuthenticatorBase.java:481)
	at org.apache.catalina.core.StandardHostValve.invoke(StandardHostValve.java:130)
	at org.apache.catalina.valves.ErrorReportValve.invoke(ErrorReportValve.java:93)
	at org.apache.catalina.core.StandardEngineValve.invoke(StandardEngineValve.java:74)
	at org.apache.catalina.connector.CoyoteAdapter.service(CoyoteAdapter.java:342)
	at org.apache.coyote.http11.Http11Processor.service(Http11Processor.java:390)
	at org.apache.coyote.AbstractProcessorLight.process(AbstractProcessorLight.java:63)
	at org.apache.coyote.AbstractProtocol$ConnectionHandler.process(AbstractProtocol.java:928)
	at org.apache.tomcat.util.net.NioEndpoint$SocketProcessor.doRun(NioEndpoint.java:1794)
	at org.apache.tomcat.util.net.SocketProcessorBase.run(SocketProcessorBase.java:52)
	at org.apache.tomcat.util.threads.ThreadPoolExecutor.runWorker(ThreadPoolExecutor.java:1191)
	at org.apache.tomcat.util.threads.ThreadPoolExecutor$Worker.run(ThreadPoolExecutor.java:659)
	at org.apache.tomcat.util.threads.TaskThread$WrappingRunnable.run(TaskThread.java:61)
	at java.base/java.lang.Thread.run(Thread.java:1583)
2025-12-31 19:28:37 [SpringApplicationShutdownHook] INFO  com.alibaba.druid.pool.DruidDataSource - {dataSource-1} closing ...
2025-12-31 19:28:37 [SpringApplicationShutdownHook] INFO  com.alibaba.druid.pool.DruidDataSource - {dataSource-1} closed
2025-12-31 19:28:56 [main] INFO  com.grade.StudentGradeApplication - Starting StudentGradeApplication using Java 21.0.8 on Carlotta with PID 17732 (G:\AAA_document\document\java_class\project_4\student-grade-backend\target\classes started by zhang in G:\AAA_document\document\java_class\project_4\student-grade-backend)
2025-12-31 19:28:56 [main] DEBUG com.grade.StudentGradeApplication - Running with Spring Boot v2.7.18, Spring v5.3.31
2025-12-31 19:28:56 [main] INFO  com.grade.StudentGradeApplication - No active profile set, falling back to 1 default profile: "default"
2025-12-31 19:28:57 [main] INFO  o.s.d.r.config.RepositoryConfigurationDelegate - Multiple Spring Data modules found, entering strict repository configuration mode
2025-12-31 19:28:57 [main] INFO  o.s.d.r.config.RepositoryConfigurationDelegate - Bootstrapping Spring Data Redis repositories in DEFAULT mode.
2025-12-31 19:28:57 [main] INFO  o.s.d.r.config.RepositoryConfigurationDelegate - Finished Spring Data repository scanning in 6 ms. Found 0 Redis repository interfaces.
2025-12-31 19:28:58 [main] INFO  o.s.boot.web.embedded.tomcat.TomcatWebServer - Tomcat initialized with port(s): 8080 (http)
2025-12-31 19:28:58 [main] INFO  org.apache.catalina.core.StandardService - Starting service [Tomcat]
2025-12-31 19:28:58 [main] INFO  org.apache.catalina.core.StandardEngine - Starting Servlet engine: [Apache Tomcat/9.0.83]
2025-12-31 19:28:58 [main] INFO  o.a.c.c.ContainerBase.[Tomcat].[localhost].[/api] - Initializing Spring embedded WebApplicationContext
2025-12-31 19:28:58 [main] INFO  o.s.b.w.s.c.ServletWebServerApplicationContext - Root WebApplicationContext: initialization completed in 2085 ms
2025-12-31 19:28:58 [main] INFO  c.a.d.s.b.a.DruidDataSourceAutoConfigure - Init DruidDataSource
2025-12-31 19:28:59 [main] INFO  com.alibaba.druid.pool.DruidDataSource - {dataSource-1} inited
2025-12-31 19:28:59 [main] WARN  o.s.b.a.s.s.UserDetailsServiceAutoConfiguration - 

Using generated security password: f71e8e9d-012a-4a07-9a97-1f5063503bc3

This generated password is for development use only. Your security configuration must be updated before running your application in production.

2025-12-31 19:28:59 [main] INFO  o.s.security.web.DefaultSecurityFilterChain - Will secure any request with [org.springframework.security.web.session.DisableEncodeUrlFilter@15e5246, org.springframework.security.web.context.request.async.WebAsyncManagerIntegrationFilter@503556cb, org.springframework.security.web.context.SecurityContextPersistenceFilter@48e74764, org.springframework.security.web.header.HeaderWriterFilter@5341e71a, org.springframework.web.filter.CorsFilter@57e5396b, org.springframework.security.web.authentication.logout.LogoutFilter@14656be5, org.springframework.security.web.savedrequest.RequestCacheAwareFilter@7a3643e3, org.springframework.security.web.servletapi.SecurityContextHolderAwareRequestFilter@2729bb71, org.springframework.security.web.authentication.AnonymousAuthenticationFilter@3c9e19de, org.springframework.security.web.session.SessionManagementFilter@6c24f61d, org.springframework.security.web.access.ExceptionTranslationFilter@1c6ac73c, org.springframework.security.web.access.intercept.FilterSecurityInterceptor@146f3d22]
2025-12-31 19:29:00 [main] INFO  o.s.boot.web.embedded.tomcat.TomcatWebServer - Tomcat started on port(s): 8080 (http) with context path '/api'
2025-12-31 19:29:01 [main] INFO  com.grade.StudentGradeApplication - Started StudentGradeApplication in 5.102 seconds (JVM running for 6.902)
2025-12-31 19:29:15 [http-nio-8080-exec-1] INFO  o.a.c.c.ContainerBase.[Tomcat].[localhost].[/api] - Initializing Spring DispatcherServlet 'dispatcherServlet'
2025-12-31 19:29:15 [http-nio-8080-exec-1] INFO  org.springframework.web.servlet.DispatcherServlet - Initializing Servlet 'dispatcherServlet'
2025-12-31 19:29:15 [http-nio-8080-exec-1] INFO  org.springframework.web.servlet.DispatcherServlet - Completed initialization in 4 ms
2025-12-31 19:29:17 [http-nio-8080-exec-10] INFO  org.springdoc.api.AbstractOpenApiResource - Init duration for springdoc-openapi is: 1140 ms
2025-12-31 19:34:56 [http-nio-8080-exec-3] ERROR com.grade.common.GlobalExceptionHandler - 业务异常: /api/grades/calculate/1 - 成绩不存在
2025-12-31 19:37:15 [http-nio-8080-exec-9] ERROR com.grade.common.GlobalExceptionHandler - 业务异常: /api/grades/regular - 成绩不存在
